Using pre-set license
Built from '2020.3/staging' branch; Version is '2020.3.21f1 (a38c86f6690f) revision 10718342'; Using compiler version '192528614'; Build Type 'Release'
OS: 'Windows 10 Pro; OS build 19041.329; Version 2004; 64bit' Language: 'ru' Physical Memory: 8153 MB
BatchMode: 1, IsHumanControllingUs: 0, StartBugReporterOnCrash: 0, Is64bit: 1, IsPro: 0

COMMAND LINE ARGUMENTS:
C:\Program Files\Unity\Hub\Editor\2020.3.21f1\Editor\Unity.exe
-adb2
-batchMode
-noUpm
-name
AssetImportWorker0
-projectPath
C:/Users/Митя/Documents/Unity_Materials/Jam_Project/Jam Project
-logFile
Logs/AssetImportWorker0.log
-srvPort
59905
Successfully changed project path to: C:/Users/Митя/Documents/Unity_Materials/Jam_Project/Jam Project
C:/Users/Митя/Documents/Unity_Materials/Jam_Project/Jam Project
Using Asset Import Pipeline V2.
Refreshing native plugins compatible for Editor in 77.13 ms, found 3 plugins.
Preloading 0 native plugins for Editor in 0.00 ms.
Initialize engine version: 2020.3.21f1 (a38c86f6690f)
[Subsystems] Discovering subsystems at path C:/Program Files/Unity/Hub/Editor/2020.3.21f1/Editor/Data/Resources/UnitySubsystems
[Subsystems] Discovering subsystems at path C:/Users/Митя/Documents/Unity_Materials/Jam_Project/Jam Project/Assets
GfxDevice: creating device client; threaded=0
Direct3D:
    Version:  Direct3D 11.0 [level 11.0]
    Renderer: NVIDIA GeForce GTX 650 Ti (ID=0x11c6)
    Vendor:   
    VRAM:     984 MB
    Driver:   26.21.14.3200
Initialize mono
Mono path[0] = 'C:/Program Files/Unity/Hub/Editor/2020.3.21f1/Editor/Data/Managed'
Mono path[1] = 'C:/Program Files/Unity/Hub/Editor/2020.3.21f1/Editor/Data/MonoBleedingEdge/lib/mono/unityjit'
Mono config path = 'C:/Program Files/Unity/Hub/Editor/2020.3.21f1/Editor/Data/MonoBleedingEdge/etc'
Using monoOptions --debugger-agent=transport=dt_socket,embedding=1,server=y,suspend=n,address=127.0.0.1:56272
Begin MonoManager ReloadAssembly
Registering precompiled unity dll's ...
Register platform support module: C:/Program Files/Unity/Hub/Editor/2020.3.21f1/Editor/Data/PlaybackEngines/WindowsStandaloneSupport/UnityEditor.WindowsStandalone.Extensions.dll
Registered in 0.001920 seconds.
Native extension for WindowsStandalone target not found
Refreshing native plugins compatible for Editor in 60.96 ms, found 3 plugins.
Preloading 0 native plugins for Editor in 0.00 ms.
Mono: successfully reloaded assembly
- Completed reload, in  1.574 seconds
Domain Reload Profiling:
	ReloadAssembly (1574ms)
		BeginReloadAssembly (88ms)
			ExecutionOrderSort (0ms)
			DisableScriptedObjects (0ms)
			BackupInstance (0ms)
			ReleaseScriptingObjects (0ms)
			CreateAndSetChildDomain (2ms)
		EndReloadAssembly (587ms)
			LoadAssemblies (82ms)
			RebuildTransferFunctionScriptingTraits (0ms)
			SetupTypeCache (191ms)
			ReleaseScriptCaches (0ms)
			RebuildScriptCaches (43ms)
			SetupLoadedEditorAssemblies (230ms)
				LogAssemblyErrors (0ms)
				InitializePlatformSupportModulesInManaged (5ms)
				SetLoadedEditorAssemblies (0ms)
				RefreshPlugins (61ms)
				BeforeProcessingInitializeOnLoad (21ms)
				ProcessInitializeOnLoadAttributes (106ms)
				ProcessInitializeOnLoadMethodAttributes (37ms)
				AfterProcessingInitializeOnLoad (0ms)
				EditorAssembliesLoaded (0ms)
			ExecutionOrderSort2 (0ms)
			AwakeInstancesAfterBackupRestoration (0ms)
Platform modules already initialized, skipping
Registering precompiled user dll's ...
Registered in 0.004374 seconds.
Begin MonoManager ReloadAssembly
Native extension for WindowsStandalone target not found
Refreshing native plugins compatible for Editor in 61.62 ms, found 3 plugins.
Preloading 0 native plugins for Editor in 0.00 ms.
Mono: successfully reloaded assembly
- Completed reload, in  1.586 seconds
Domain Reload Profiling:
	ReloadAssembly (1588ms)
		BeginReloadAssembly (186ms)
			ExecutionOrderSort (0ms)
			DisableScriptedObjects (6ms)
			BackupInstance (0ms)
			ReleaseScriptingObjects (0ms)
			CreateAndSetChildDomain (21ms)
		EndReloadAssembly (1321ms)
			LoadAssemblies (112ms)
			RebuildTransferFunctionScriptingTraits (0ms)
			SetupTypeCache (386ms)
			ReleaseScriptCaches (1ms)
			RebuildScriptCaches (68ms)
			SetupLoadedEditorAssemblies (586ms)
				LogAssemblyErrors (0ms)
				InitializePlatformSupportModulesInManaged (5ms)
				SetLoadedEditorAssemblies (0ms)
				RefreshPlugins (62ms)
				BeforeProcessingInitializeOnLoad (105ms)
				ProcessInitializeOnLoadAttributes (387ms)
				ProcessInitializeOnLoadMethodAttributes (20ms)
				AfterProcessingInitializeOnLoad (6ms)
				EditorAssembliesLoaded (0ms)
			ExecutionOrderSort2 (0ms)
			AwakeInstancesAfterBackupRestoration (9ms)
Platform modules already initialized, skipping
========================================================================
Worker process is ready to serve import requests
Launched and connected shader compiler UnityShaderCompiler.exe after 0.05 seconds
Refreshing native plugins compatible for Editor in 0.55 ms, found 3 plugins.
Preloading 0 native plugins for Editor in 0.00 ms.
Unloading 2183 Unused Serialized files (Serialized files now loaded: 0)
System memory in use before: 95.6 MB.
System memory in use after: 95.7 MB.

Unloading 28 unused Assets to reduce memory usage. Loaded Objects now: 2616.
Total: 3.786300 ms (FindLiveObjects: 0.199800 ms CreateObjectMapping: 0.092600 ms MarkObjects: 3.399500 ms  DeleteObjects: 0.093100 ms)

AssetImportParameters requested are different than current active one (requested -> active):
  custom:framework-win-MediaFoundation: 216162199b28c13a410421893ffa2e32 -> 
  custom:video-decoder-ogg-theora: a1e56fd34408186e4bbccfd4996cb3dc -> 
  custom:container-muxer-webm: aa71ff27fc2769a1b78a27578f13a17b -> 
  custom:container-demuxer-webm: 4f35f7cbe854078d1ac9338744f61a02 -> 
  custom:container-demuxer-ogg: 62fdf1f143b41e24485cea50d1cbac27 -> 
  custom:video-encoder-webm-vp8: eb34c28f22e8b96e1ab97ce403110664 -> 
  custom:video-decoder-webm-vp8: 9c59270c3fd7afecdb556c50c9e8de78 -> 
  custom:audio-decoder-ogg-vorbis: bf7c407c2cedff20999df2af8eb42d56 -> 
  custom:audio-encoder-webm-vorbis: bf7c407c2cedff20999df2af8eb42d56 -> 
========================================================================
Received Import Request.
  path: Assets/Sketchaps
  artifactKey: Guid(0f718c8706dfa0544a49e00e19b5eeb7) Importer(815301076,1909f56bfc062723c751e8b465ee728b)
Start importing Assets/Sketchaps using Guid(0f718c8706dfa0544a49e00e19b5eeb7) Importer(815301076,1909f56bfc062723c751e8b465ee728b)  -> (artifact id: 'f5ee40394d41d98ebf158b285670d6ba') in 0.005232 seconds 
  Import took 0.008884 seconds .

========================================================================
Received Import Request.
  Time since last request: 27.068683 seconds.
  path: Assets/Sketchaps/8267c4864030d511.skp
  artifactKey: Guid(9c4cdace326d6364491540c485340126) Importer(815301076,1909f56bfc062723c751e8b465ee728b)
Start importing Assets/Sketchaps/8267c4864030d511.skp using Guid(9c4cdace326d6364491540c485340126) Importer(815301076,1909f56bfc062723c751e8b465ee728b)  -> (artifact id: '2eef45cb66954ce8469292eb0338cdcc') in 0.075470 seconds 
  Import took 0.084189 seconds .

========================================================================
Received Import Request.
  Time since last request: 275.344378 seconds.
  path: Assets/Sketchaps/8267c4864030d511.skp
  artifactKey: Guid(9c4cdace326d6364491540c485340126) Importer(815301076,1909f56bfc062723c751e8b465ee728b)
Start importing Assets/Sketchaps/8267c4864030d511.skp using Guid(9c4cdace326d6364491540c485340126) Importer(815301076,1909f56bfc062723c751e8b465ee728b)  -> (artifact id: '0846d4d5b74b08d7fe978a9f1d32e36c') in 0.014405 seconds 
  Import took 0.018277 seconds .

========================================================================
Received Import Request.
  Time since last request: 69.460680 seconds.
  path: Assets/Sketchaps/8267c4864030d511.skp
  artifactKey: Guid(9c4cdace326d6364491540c485340126) Importer(815301076,1909f56bfc062723c751e8b465ee728b)
Start importing Assets/Sketchaps/8267c4864030d511.skp using Guid(9c4cdace326d6364491540c485340126) Importer(815301076,1909f56bfc062723c751e8b465ee728b)  -> (artifact id: '9c40d14bf30bfb6553876d8f5d292cc7') in 0.017656 seconds 
  Import took 0.023002 seconds .

========================================================================
Received Import Request.
  Time since last request: 79.791269 seconds.
  path: Assets/Sketchaps/8267c4864030d511.skp
  artifactKey: Guid(9c4cdace326d6364491540c485340126) Importer(815301076,1909f56bfc062723c751e8b465ee728b)
Start importing Assets/Sketchaps/8267c4864030d511.skp using Guid(9c4cdace326d6364491540c485340126) Importer(815301076,1909f56bfc062723c751e8b465ee728b)  -> (artifact id: 'e14ba75462d6938a15066a166c6f4812') in 0.033930 seconds 
  Import took 0.038151 seconds .

========================================================================
Received Import Request.
  Time since last request: 33.313970 seconds.
  path: Assets/Sketchaps/8267c4864030d511.skp
  artifactKey: Guid(9c4cdace326d6364491540c485340126) Importer(815301076,1909f56bfc062723c751e8b465ee728b)
Start importing Assets/Sketchaps/8267c4864030d511.skp using Guid(9c4cdace326d6364491540c485340126) Importer(815301076,1909f56bfc062723c751e8b465ee728b)  -> (artifact id: '5d0b1efbf8a4a493f8239bb30e2db0f6') in 0.035957 seconds 
  Import took 0.039852 seconds .

AssetImportWorkerClient::OnTransportError - code=2 error=End of file
